<?xml version="1.0" encoding="UTF-8"?>
<!-- Generated by org.testng.reporters.JUnitXMLReporter -->
<testsuite ignored="4" hostname="adeshalien" failures="1" tests="2" name="Test(failed)" time="0.037" errors="0" timestamp="2023-01-20T13:38:33 IST">
  <testcase classname="testNGPackage.Remo" name="remo2" time="0.006">
    <failure type="java.lang.ArithmeticException" message="/ by zero">
      <![CDATA[java.lang.ArithmeticException: / by zero
at testNGPackage.Remo.remo2(Remo.java:23)
at java.base/java.util.ArrayList.forEach(ArrayList.java:1511)
... Removed 27 stack frames]]>
    </failure>
  </testcase> <!-- remo2 -->
  <testcase classname="testNGPackage.Sumo" name="sumo2" time="0.001">
    <skipped/>
  </testcase> <!-- sumo2 -->
  <testcase classname="testNGPackage.Remo" name="remo1" time="0.0">
    <ignored/>
  </testcase> <!-- remo1 -->
  <testcase classname="testNGPackage.Sumo" name="sumo" time="0.0">
    <ignored/>
  </testcase> <!-- sumo -->
  <testcase classname="testNGPackage.Sumo" name="sumo1" time="0.0">
    <ignored/>
  </testcase> <!-- sumo1 -->
  <testcase classname="testNGPackage.Remo" name="remo" time="0.0">
    <ignored/>
  </testcase> <!-- remo -->
</testsuite> <!-- Test(failed) -->
