<?xml version="1.0" encoding="UTF-8"?>
<!-- Generated by org.testng.reporters.JUnitXMLReporter -->
<testsuite ignored="4" hostname="adeshalien" failures="0" tests="2" name="Test(failed)(failed)" time="0.055" errors="0" timestamp="2023-01-20T13:39:12 IST">
  <testcase classname="testNGPackage.Remo" name="remo2" time="0.008"/>
  <testcase classname="testNGPackage.Sumo" name="sumo2" time="0.002">
    <skipped/>
  </testcase> <!-- sumo2 -->
  <testcase classname="testNGPackage.Remo" name="remo1" time="0.0">
    <ignored/>
  </testcase> <!-- remo1 -->
  <testcase classname="testNGPackage.Sumo" name="sumo" time="0.0">
    <ignored/>
  </testcase> <!-- sumo -->
  <testcase classname="testNGPackage.Sumo" name="sumo1" time="0.0">
    <ignored/>
  </testcase> <!-- sumo1 -->
  <testcase classname="testNGPackage.Remo" name="remo" time="0.0">
    <ignored/>
  </testcase> <!-- remo -->
</testsuite> <!-- Test(failed)(failed) -->
